This file contains any messages produced by compilers while
running configure, to aid debugging if configure makes a mistake.

It was created by Enca configure 1.19, which was
generated by GNU Autoconf 2.69.  Invocation command line was

  $ ./configure --prefix=/home/wdliang/workspace/dev2/SP4/deepin-editor/third/enca-1.19/../lib

## --------- ##
## Platform. ##
## --------- ##

hostname = wdliang-PC
uname -m = x86_64
uname -r = 4.19.0-6-amd64
uname -s = Linux
uname -v = #1 SMP Uos 4.19.67-13eagle (2020-05-03)

/usr/bin/uname -p = unknown
/bin/uname -X     = unknown

/bin/arch              = x86_64
/usr/bin/arch -k       = unknown
/usr/convex/getsysinfo = unknown
/usr/bin/hostinfo      = unknown
/bin/machine           = unknown
/usr/bin/oslevel       = unknown
/bin/universe          = unknown

PATH: /usr/local/bin
PATH: /usr/bin
PATH: /bin
PATH: /usr/local/games
PATH: /usr/games
PATH: /sbin
PATH: /usr/sbin


## ----------- ##
## Core tests. ##
## ----------- ##

configure:2419: checking for a BSD-compatible install
configure:2487: result: /usr/bin/install -c
configure:2498: checking whether build environment is sane
configure:2553: result: yes
configure:2702: checking for a thread-safe mkdir -p
configure:2741: result: /usr/bin/mkdir -p
configure:2748: checking for gawk
configure:2764: found /usr/bin/gawk
configure:2775: result: gawk
configure:2786: checking whether make sets $(MAKE)
configure:2808: result: yes
configure:2837: checking whether make supports nested variables
configure:2854: result: yes
configure:2984: checking whether to enable maintainer-specific portions of Makefiles
configure:2993: result: no
configure:3013: checking for gawk
configure:3040: result: gawk
configure:3099: checking for gcc
configure:3126: result: /usr/bin/gcc
configure:3355: checking for C compiler version
configure:3364: /usr/bin/gcc --version >&5
gcc (Uos 8.3.0.3-3+rebuild) 8.3.0
Copyright (C) 2018 Free Software Foundation, Inc.
This is free software; see the source for copying conditions.  There is NO
warranty; not even for MERCHANTABILITY or FITNESS FOR A PARTICULAR PURPOSE.

configure:3375: $? = 0
configure:3364: /usr/bin/gcc -v >&5
Using built-in specs.
COLLECT_GCC=/usr/bin/gcc
COLLECT_LTO_WRAPPER=/usr/lib/gcc/x86_64-linux-gnu/8/lto-wrapper
OFFLOAD_TARGET_NAMES=nvptx-none
OFFLOAD_TARGET_DEFAULT=1
Target: x86_64-linux-gnu
Configured with: ../src/configure -v --with-pkgversion='Uos 8.3.0.3-3+rebuild' --with-bugurl=file:///usr/share/doc/gcc-8/README.Bugs --enable-languages=c,ada,c++,go,brig,d,fortran,objc,obj-c++ --prefix=/usr --with-gcc-major-version-only --program-suffix=-8 --program-prefix=x86_64-linux-gnu- --enable-shared --enable-linker-build-id --libexecdir=/usr/lib --without-included-gettext --enable-threads=posix --libdir=/usr/lib --enable-nls --enable-bootstrap --enable-clocale=gnu --enable-libstdcxx-debug --enable-libstdcxx-time=yes --with-default-libstdcxx-abi=new --enable-gnu-unique-object --disable-vtable-verify --enable-libmpx --enable-plugin --with-system-zlib --with-target-system-zlib --enable-objc-gc=auto --enable-multiarch --disable-werror --with-arch-32=i686 --with-abi=m64 --with-multilib-list=m32,m64,mx32 --enable-multilib --with-tune=generic --enable-offload-targets=nvptx-none --without-cuda-driver --enable-checking=release --build=x86_64-linux-gnu --host=x86_64-linux-gnu --target=x86_64-linux-gnu
Thread model: posix
gcc version 8.3.0 (Uos 8.3.0.3-3+rebuild) 
configure:3375: $? = 0
configure:3364: /usr/bin/gcc -V >&5
gcc: error: unrecognized command line option '-V'
gcc: fatal error: no input files
compilation terminated.
configure:3375: $? = 1
configure:3364: /usr/bin/gcc -qversion >&5
gcc: error: unrecognized command line option '-qversion'; did you mean '--version'?
gcc: fatal error: no input files
compilation terminated.
configure:3375: $? = 1
configure:3395: checking whether the C compiler works
configure:3417: /usr/bin/gcc    conftest.c  >&5
configure:3421: $? = 0
configure:3469: result: yes
configure:3472: checking for C compiler default output file name
configure:3474: result: a.out
configure:3480: checking for suffix of executables
configure:3487: /usr/bin/gcc -o conftest    conftest.c  >&5
configure:3491: $? = 0
configure:3513: result: 
configure:3535: checking whether we are cross compiling
configure:3543: /usr/bin/gcc -o conftest    conftest.c  >&5
configure:3547: $? = 0
configure:3554: ./conftest
configure:3558: $? = 0
configure:3546: result: no
configure:3551: checking for suffix of object files
configure:3573: /usr/bin/gcc -c   conftest.c >&5
configure:3577: $? = 0
configure:3598: result: o
configure:3602: checking whether we are using the GNU C compiler
configure:3621: /usr/bin/gcc -c   conftest.c >&5
configure:3621: $? = 0
configure:3630: result: yes
configure:3639: checking whether /usr/bin/gcc accepts -g
configure:3659: /usr/bin/gcc -c -g  conftest.c >&5
configure:3659: $? = 0
configure:3700: result: yes
configure:3717: checking for /usr/bin/gcc option to accept ISO C89
configure:3780: /usr/bin/gcc  -c -g -O2  conftest.c >&5
configure:3780: $? = 0
configure:3793: result: none needed
configure:3818: checking whether /usr/bin/gcc understands -c and -o together
configure:3840: /usr/bin/gcc -c conftest.c -o conftest2.o
configure:3843: $? = 0
configure:3840: /usr/bin/gcc -c conftest.c -o conftest2.o
configure:3843: $? = 0
configure:3855: result: yes
configure:3883: checking for style of include used by make
configure:3911: result: GNU
configure:3937: checking dependency style of /usr/bin/gcc
configure:4048: result: gcc3
configure:4069: checking how to run the C preprocessor
configure:4100: /usr/bin/gcc -E  conftest.c
configure:4100: $? = 0
configure:4114: /usr/bin/gcc -E  conftest.c
conftest.c:11:10: fatal error: ac_nonexistent.h: No such file or directory
 #include <ac_nonexistent.h>
          ^~~~~~~~~~~~~~~~~~
compilation terminated.
configure:4114: $? = 1
configure: failed program was:
| /* confdefs.h */
| #define PACKAGE_NAME "Enca"
| #define PACKAGE_TARNAME "enca"
| #define PACKAGE_VERSION "1.19"
| #define PACKAGE_STRING "Enca 1.19"
| #define PACKAGE_BUGREPORT "https://github.com/nijel/enca/issues"
| #define PACKAGE_URL ""
| #define PACKAGE "enca"
| #define VERSION "1.19"
| /* end confdefs.h.  */
| #include <ac_nonexistent.h>
configure:4139: result: /usr/bin/gcc -E
configure:4159: /usr/bin/gcc -E  conftest.c
configure:4159: $? = 0
configure:4173: /usr/bin/gcc -E  conftest.c
conftest.c:11:10: fatal error: ac_nonexistent.h: No such file or directory
 #include <ac_nonexistent.h>
          ^~~~~~~~~~~~~~~~~~
compilation terminated.
configure:4173: $? = 1
configure: failed program was:
| /* confdefs.h */
| #define PACKAGE_NAME "Enca"
| #define PACKAGE_TARNAME "enca"
| #define PACKAGE_VERSION "1.19"
| #define PACKAGE_STRING "Enca 1.19"
| #define PACKAGE_BUGREPORT "https://github.com/nijel/enca/issues"
| #define PACKAGE_URL ""
| #define PACKAGE "enca"
| #define VERSION "1.19"
| /* end confdefs.h.  */
| #include <ac_nonexistent.h>
configure:4202: checking for grep that handles long lines and -e
configure:4260: result: /usr/bin/grep
configure:4265: checking for egrep
configure:4327: result: /usr/bin/grep -E
configure:4332: checking for ANSI C header files
configure:4352: /usr/bin/gcc -c -g -O2  conftest.c >&5
configure:4352: $? = 0
configure:4425: /usr/bin/gcc -o conftest -g -O2   conftest.c  >&5
configure:4425: $? = 0
configure:4425: ./conftest
configure:4425: $? = 0
configure:4436: result: yes
configure:4449: checking for sys/types.h
configure:4449: /usr/bin/gcc -c -g -O2  conftest.c >&5
configure:4449: $? = 0
configure:4449: result: yes
configure:4449: checking for sys/stat.h
configure:4449: /usr/bin/gcc -c -g -O2  conftest.c >&5
configure:4449: $? = 0
configure:4449: result: yes
configure:4449: checking for stdlib.h
configure:4449: /usr/bin/gcc -c -g -O2  conftest.c >&5
configure:4449: $? = 0
configure:4449: result: yes
configure:4449: checking for string.h
configure:4449: /usr/bin/gcc -c -g -O2  conftest.c >&5
configure:4449: $? = 0
configure:4449: result: yes
configure:4449: checking for memory.h
configure:4449: /usr/bin/gcc -c -g -O2  conftest.c >&5
configure:4449: $? = 0
configure:4449: result: yes
configure:4449: checking for strings.h
configure:4449: /usr/bin/gcc -c -g -O2  conftest.c >&5
configure:4449: $? = 0
configure:4449: result: yes
configure:4449: checking for inttypes.h
configure:4449: /usr/bin/gcc -c -g -O2  conftest.c >&5
configure:4449: $? = 0
configure:4449: result: yes
configure:4449: checking for stdint.h
configure:4449: /usr/bin/gcc -c -g -O2  conftest.c >&5
configure:4449: $? = 0
configure:4449: result: yes
configure:4449: checking for unistd.h
configure:4449: /usr/bin/gcc -c -g -O2  conftest.c >&5
configure:4449: $? = 0
configure:4449: result: yes
configure:4462: checking minix/config.h usability
configure:4462: /usr/bin/gcc -c -g -O2  conftest.c >&5
conftest.c:54:10: fatal error: minix/config.h: No such file or directory
 #include <minix/config.h>
          ^~~~~~~~~~~~~~~~
compilation terminated.
configure:4462: $? = 1
configure: failed program was:
| /* confdefs.h */
| #define PACKAGE_NAME "Enca"
| #define PACKAGE_TARNAME "enca"
| #define PACKAGE_VERSION "1.19"
| #define PACKAGE_STRING "Enca 1.19"
| #define PACKAGE_BUGREPORT "https://github.com/nijel/enca/issues"
| #define PACKAGE_URL ""
| #define PACKAGE "enca"
| #define VERSION "1.19"
| #define STDC_HEADERS 1
| #define HAVE_SYS_TYPES_H 1
| #define HAVE_SYS_STAT_H 1
| #define HAVE_STDLIB_H 1
| #define HAVE_STRING_H 1
| #define HAVE_MEMORY_H 1
| #define HAVE_STRINGS_H 1
| #define HAVE_INTTYPES_H 1
| #define HAVE_STDINT_H 1
| #define HAVE_UNISTD_H 1
| /* end confdefs.h.  */
| #include <stdio.h>
| #ifdef HAVE_SYS_TYPES_H
| # include <sys/types.h>
| #endif
| #ifdef HAVE_SYS_STAT_H
| # include <sys/stat.h>
| #endif
| #ifdef STDC_HEADERS
| # include <stdlib.h>
| # include <stddef.h>
| #else
| # ifdef HAVE_STDLIB_H
| #  include <stdlib.h>
| # endif
| #endif
| #ifdef HAVE_STRING_H
| # if !defined STDC_HEADERS && defined HAVE_MEMORY_H
| #  include <memory.h>
| # endif
| # include <string.h>
| #endif
| #ifdef HAVE_STRINGS_H
| # include <strings.h>
| #endif
| #ifdef HAVE_INTTYPES_H
| # include <inttypes.h>
| #endif
| #ifdef HAVE_STDINT_H
| # include <stdint.h>
| #endif
| #ifdef HAVE_UNISTD_H
| # include <unistd.h>
| #endif
| #include <minix/config.h>
configure:4462: result: no
configure:4462: checking minix/config.h presence
configure:4462: /usr/bin/gcc -E  conftest.c
conftest.c:21:10: fatal error: minix/config.h: No such file or directory
 #include <minix/config.h>
          ^~~~~~~~~~~~~~~~
compilation terminated.
configure:4462: $? = 1
configure: failed program was:
| /* confdefs.h */
| #define PACKAGE_NAME "Enca"
| #define PACKAGE_TARNAME "enca"
| #define PACKAGE_VERSION "1.19"
| #define PACKAGE_STRING "Enca 1.19"
| #define PACKAGE_BUGREPORT "https://github.com/nijel/enca/issues"
| #define PACKAGE_URL ""
| #define PACKAGE "enca"
| #define VERSION "1.19"
| #define STDC_HEADERS 1
| #define HAVE_SYS_TYPES_H 1
| #define HAVE_SYS_STAT_H 1
| #define HAVE_STDLIB_H 1
| #define HAVE_STRING_H 1
| #define HAVE_MEMORY_H 1
| #define HAVE_STRINGS_H 1
| #define HAVE_INTTYPES_H 1
| #define HAVE_STDINT_H 1
| #define HAVE_UNISTD_H 1
| /* end confdefs.h.  */
| #include <minix/config.h>
configure:4462: result: no
configure:4462: checking for minix/config.h
configure:4462: result: no
configure:4483: checking whether it is safe to define __EXTENSIONS__
configure:4501: /usr/bin/gcc -c -g -O2  conftest.c >&5
configure:4501: $? = 0
configure:4508: result: yes
configure:4524: checking for library containing strerror
configure:4555: /usr/bin/gcc -o conftest -g -O2   conftest.c  >&5
configure:4555: $? = 0
configure:4572: result: none required
configure:4609: checking build system type
configure:4623: result: x86_64-pc-linux-gnu
configure:4643: checking host system type
configure:4656: result: x86_64-pc-linux-gnu
configure:4697: checking how to print strings
configure:4724: result: printf
configure:4745: checking for a sed that does not truncate output
configure:4809: result: /usr/bin/sed
configure:4827: checking for fgrep
configure:4889: result: /usr/bin/grep -F
configure:4924: checking for ld used by /usr/bin/gcc
configure:4991: result: /usr/bin/ld
configure:4998: checking if the linker (/usr/bin/ld) is GNU ld
configure:5013: result: yes
configure:5025: checking for BSD- or MS-compatible name lister (nm)
configure:5079: result: /usr/bin/nm -B
configure:5209: checking the name lister (/usr/bin/nm -B) interface
configure:5216: /usr/bin/gcc -c -g -O2  conftest.c >&5
configure:5219: /usr/bin/nm -B "conftest.o"
configure:5222: output
0000000000000000 B some_variable
configure:5223: result: BSD nm
configure:5226: checking whether ln -s works
configure:5230: result: yes
configure:5238: checking the maximum length of command line arguments
configure:5369: result: 1572864
configure:5417: checking how to convert x86_64-pc-linux-gnu file names to x86_64-pc-linux-gnu format
configure:5457: result: func_convert_file_noop
configure:5464: checking how to convert x86_64-pc-linux-gnu file names to toolchain format
configure:5484: result: func_convert_file_noop
configure:5491: checking for /usr/bin/ld option to reload object files
configure:5498: result: -r
configure:5572: checking for objdump
configure:5588: found /usr/bin/objdump
configure:5599: result: objdump
configure:5631: checking how to recognize dependent libraries
configure:5831: result: pass_all
configure:5916: checking for dlltool
configure:5946: result: no
configure:5976: checking how to associate runtime and link libraries
configure:6003: result: printf %s\n
configure:6063: checking for ar
configure:6079: found /usr/bin/ar
configure:6090: result: ar
configure:6127: checking for archiver @FILE support
configure:6144: /usr/bin/gcc -c -g -O2  conftest.c >&5
configure:6144: $? = 0
configure:6147: ar cru libconftest.a @conftest.lst >&5
ar: `u' modifier ignored since `D' is the default (see `U')
configure:6150: $? = 0
configure:6155: ar cru libconftest.a @conftest.lst >&5
ar: `u' modifier ignored since `D' is the default (see `U')
ar: conftest.o: No such file or directory
configure:6158: $? = 1
configure:6157: result: @
configure:6215: checking for strip
configure:6231: found /usr/bin/strip
configure:6242: result: strip
configure:6314: checking for ranlib
configure:6330: found /usr/bin/ranlib
configure:6341: result: ranlib
configure:6443: checking command to parse /usr/bin/nm -B output from /usr/bin/gcc object
configure:6596: /usr/bin/gcc -c -g -O2  conftest.c >&5
configure:6599: $? = 0
configure:6603: /usr/bin/nm -B conftest.o \| sed -n -e 's/^.*[ ]\([ABCDGIRSTW][ABCDGIRSTW]*\)[ ][ ]*\([_A-Za-z][_A-Za-z0-9]*\)$/\1 \2 \2/p' | sed '/ __gnu_lto/d' \> conftest.nm
configure:6606: $? = 0
configure:6672: /usr/bin/gcc -o conftest -g -O2   conftest.c conftstm.o >&5
configure:6675: $? = 0
configure:6713: result: ok
configure:6760: checking for sysroot
configure:6790: result: no
configure:6797: checking for a working dd
configure:6835: result: /usr/bin/dd
configure:6839: checking how to truncate binary pipes
configure:6854: result: /usr/bin/dd bs=4096 count=1
configure:6990: /usr/bin/gcc -c -g -O2  conftest.c >&5
configure:6993: $? = 0
configure:7183: checking for mt
configure:7199: found /usr/bin/mt
configure:7210: result: mt
configure:7233: checking if mt is a manifest tool
configure:7239: mt '-?'
configure:7247: result: no
configure:7921: checking for dlfcn.h
configure:7921: /usr/bin/gcc -c -g -O2  conftest.c >&5
configure:7921: $? = 0
configure:7921: result: yes
configure:8177: checking for objdir
configure:8192: result: .libs
configure:8456: checking if /usr/bin/gcc supports -fno-rtti -fno-exceptions
configure:8474: /usr/bin/gcc -c -g -O2  -fno-rtti -fno-exceptions conftest.c >&5
cc1: warning: command line option '-fno-rtti' is valid for C++/ObjC++ but not for C
configure:8478: $? = 0
configure:8491: result: no
configure:8849: checking for /usr/bin/gcc option to produce PIC
configure:8856: result: -fPIC -DPIC
configure:8864: checking if /usr/bin/gcc PIC flag -fPIC -DPIC works
configure:8882: /usr/bin/gcc -c -g -O2  -fPIC -DPIC -DPIC conftest.c >&5
configure:8886: $? = 0
configure:8899: result: yes
configure:8928: checking if /usr/bin/gcc static flag -static works
configure:8956: result: yes
configure:8971: checking if /usr/bin/gcc supports -c -o file.o
configure:8992: /usr/bin/gcc -c -g -O2  -o out/conftest2.o conftest.c >&5
configure:8996: $? = 0
configure:9018: result: yes
configure:9026: checking if /usr/bin/gcc supports -c -o file.o
configure:9073: result: yes
configure:9106: checking whether the /usr/bin/gcc linker (/usr/bin/ld -m elf_x86_64) supports shared libraries
configure:10369: result: yes
configure:10406: checking whether -lc should be explicitly linked in
configure:10414: /usr/bin/gcc -c -g -O2  conftest.c >&5
configure:10417: $? = 0
configure:10432: /usr/bin/gcc -shared  -fPIC -DPIC conftest.o  -v -Wl,-soname -Wl,conftest -o conftest 2\>\&1 \| /usr/bin/grep  -lc  \>/dev/null 2\>\&1
configure:10435: $? = 0
configure:10449: result: no
configure:10609: checking dynamic linker characteristics
configure:11190: /usr/bin/gcc -o conftest -g -O2   -Wl,-rpath -Wl,/foo conftest.c  >&5
configure:11190: $? = 0
configure:11439: result: GNU/Linux ld.so
configure:11561: checking how to hardcode library paths into programs
configure:11586: result: immediate
configure:12134: checking whether stripping libraries is possible
configure:12139: result: yes
configure:12174: checking if libtool supports shared libraries
configure:12176: result: yes
configure:12179: checking whether to build shared libraries
configure:12204: result: yes
configure:12207: checking whether to build static libraries
configure:12211: result: yes
configure:9072: checking for gcc
configure:9099: result: /usr/bin/gcc
configure:9328: checking for C compiler version
configure:9337: /usr/bin/gcc --version >&5
gcc (Uos 8.3.0.3-3+rebuild) 8.3.0
Copyright (C) 2018 Free Software Foundation, Inc.
This is free software; see the source for copying conditions.  There is NO
warranty; not even for MERCHANTABILITY or FITNESS FOR A PARTICULAR PURPOSE.

configure:9348: $? = 0
configure:9337: /usr/bin/gcc -v >&5
Using built-in specs.
COLLECT_GCC=/usr/bin/gcc
COLLECT_LTO_WRAPPER=/usr/lib/gcc/x86_64-linux-gnu/8/lto-wrapper
OFFLOAD_TARGET_NAMES=nvptx-none
OFFLOAD_TARGET_DEFAULT=1
Target: x86_64-linux-gnu
Configured with: ../src/configure -v --with-pkgversion='Uos 8.3.0.3-3+rebuild' --with-bugurl=file:///usr/share/doc/gcc-8/README.Bugs --enable-languages=c,ada,c++,go,brig,d,fortran,objc,obj-c++ --prefix=/usr --with-gcc-major-version-only --program-suffix=-8 --program-prefix=x86_64-linux-gnu- --enable-shared --enable-linker-build-id --libexecdir=/usr/lib --without-included-gettext --enable-threads=posix --libdir=/usr/lib --enable-nls --enable-bootstrap --enable-clocale=gnu --enable-libstdcxx-debug --enable-libstdcxx-time=yes --with-default-libstdcxx-abi=new --enable-gnu-unique-object --disable-vtable-verify --enable-libmpx --enable-plugin --with-system-zlib --with-target-system-zlib --enable-objc-gc=auto --enable-multiarch --disable-werror --with-arch-32=i686 --with-abi=m64 --with-multilib-list=m32,m64,mx32 --enable-multilib --with-tune=generic --enable-offload-targets=nvptx-none --without-cuda-driver --enable-checking=release --build=x86_64-linux-gnu --host=x86_64-linux-gnu --target=x86_64-linux-gnu
Thread model: posix
gcc version 8.3.0 (Uos 8.3.0.3-3+rebuild) 
configure:9348: $? = 0
configure:9337: /usr/bin/gcc -V >&5
gcc: error: unrecognized command line option '-V'
gcc: fatal error: no input files
compilation terminated.
configure:9348: $? = 1
configure:9337: /usr/bin/gcc -qversion >&5
gcc: error: unrecognized command line option '-qversion'; did you mean '--version'?
gcc: fatal error: no input files
compilation terminated.
configure:9348: $? = 1
configure:9352: checking whether we are using the GNU C compiler
configure:9380: result: yes
configure:9389: checking whether /usr/bin/gcc accepts -g
configure:9450: result: yes
configure:9467: checking for /usr/bin/gcc option to accept ISO C89
configure:9543: result: none needed
configure:9568: checking whether /usr/bin/gcc understands -c and -o together
configure:9605: result: yes
configure:9624: checking dependency style of /usr/bin/gcc
configure:9735: result: gcc3
configure:9752: checking whether ln -s works
configure:9756: result: yes
configure:9765: checking for mktemp
configure:9783: found /usr/bin/mktemp
configure:9795: result: /usr/bin/mktemp
configure:9810: checking for cstocs
configure:9843: result: no
configure:9850: checking for recode
configure:9883: result: no
configure:9890: checking for umap
configure:9923: result: no
configure:9930: checking for piconv
configure:9948: found /usr/bin/piconv
configure:9960: result: /usr/bin/piconv
configure:9970: checking for map
configure:10003: result: no
configure:10038: checking for gcov
configure:10056: found /usr/bin/gcov
configure:10068: result: /usr/bin/gcov
configure:10148: checking for gtkdoc-mkdb
configure:10176: result: false
configure:10323: checking for sqrt in -lm
configure:10348: /usr/bin/gcc -o conftest -Wall -Wextra -W -pedantic -g -O2   conftest.c -lm   >&5
conftest.c:36:6: warning: conflicting types for built-in function 'sqrt' [-Wbuiltin-declaration-mismatch]
 char sqrt ();
      ^~~~
configure:10348: $? = 0
configure:10357: result: yes
configure:10368: checking for ANSI C header files
configure:10472: result: yes
configure:10480: checking for sys/wait.h that is POSIX.1 compatible
configure:10506: /usr/bin/gcc -c -Wall -Wextra -W -pedantic -g -O2  conftest.c >&5
configure:10506: $? = 0
configure:10513: result: yes
configure:10521: checking whether time.h and sys/time.h may both be included
configure:10541: /usr/bin/gcc -c -Wall -Wextra -W -pedantic -g -O2  conftest.c >&5
configure:10541: $? = 0
configure:10548: result: yes
configure:10556: checking whether stat file-mode macros are broken
configure:10583: /usr/bin/gcc -c -Wall -Wextra -W -pedantic -g -O2  conftest.c >&5
configure:10583: $? = 0
configure:10590: result: no
configure:10598: checking for stdbool.h that conforms to C99
configure:10665: /usr/bin/gcc -c -Wall -Wextra -W -pedantic -g -O2  conftest.c >&5
conftest.c: In function 'main':
conftest.c:81:14: warning: the address of 's' will always evaluate as 'true' [-Waddress]
              bool e = &s;
              ^~~~
conftest.c:85:22: warning: the address of 'a' will always evaluate as 'true' [-Waddress]
              return (!a + !b + !c + !d + !e + !f + !g + !h + !i + !!j + !k + !!l
                      ^
conftest.c:85:27: warning: the address of 'b' will always evaluate as 'true' [-Waddress]
              return (!a + !b + !c + !d + !e + !f + !g + !h + !i + !!j + !k + !!l
                           ^
conftest.c:85:32: warning: the address of 'c' will always evaluate as 'true' [-Waddress]
              return (!a + !b + !c + !d + !e + !f + !g + !h + !i + !!j + !k + !!l
                                ^
conftest.c:85:37: warning: the address of 'd' will always evaluate as 'true' [-Waddress]
              return (!a + !b + !c + !d + !e + !f + !g + !h + !i + !!j + !k + !!l
                                     ^
conftest.c:85:47: warning: the address of 'f' will always evaluate as 'true' [-Waddress]
              return (!a + !b + !c + !d + !e + !f + !g + !h + !i + !!j + !k + !!l
                                               ^
conftest.c:85:52: warning: the address of 'g' will always evaluate as 'true' [-Waddress]
              return (!a + !b + !c + !d + !e + !f + !g + !h + !i + !!j + !k + !!l
                                                    ^
conftest.c:85:57: warning: the address of 'h' will always evaluate as 'true' [-Waddress]
              return (!a + !b + !c + !d + !e + !f + !g + !h + !i + !!j + !k + !!l
                                                         ^
conftest.c:85:62: warning: the address of 'i' will always evaluate as 'true' [-Waddress]
              return (!a + !b + !c + !d + !e + !f + !g + !h + !i + !!j + !k + !!l
                                                              ^
conftest.c:86:29: warning: the address of 'n' will always evaluate as 'true' [-Waddress]
                             ^
conftest.c:86:34: warning: the address of 'o' will always evaluate as 'true' [-Waddress]
                                  ^
conftest.c:86:39: warning: the address of 'p' will always evaluate as 'true' [-Waddress]
                                       ^
configure:10665: $? = 0
configure:10672: result: yes
configure:10674: checking for _Bool
configure:10674: /usr/bin/gcc -c -Wall -Wextra -W -pedantic -g -O2  conftest.c >&5
configure:10674: $? = 0
configure:10674: /usr/bin/gcc -c -Wall -Wextra -W -pedantic -g -O2  conftest.c >&5
conftest.c: In function 'main':
conftest.c:68:20: error: expected expression before ')' token
 if (sizeof ((_Bool)))
                    ^
configure:10674: $? = 1
configure: failed program was:
| /* confdefs.h */
| #define PACKAGE_NAME "Enca"
| #define PACKAGE_TARNAME "enca"
| #define PACKAGE_VERSION "1.19"
| #define PACKAGE_STRING "Enca 1.19"
| #define PACKAGE_BUGREPORT "https://github.com/nijel/enca/issues"
| #define PACKAGE_URL ""
| #define PACKAGE "enca"
| #define VERSION "1.19"
| #define STDC_HEADERS 1
| #define HAVE_SYS_TYPES_H 1
| #define HAVE_SYS_STAT_H 1
| #define HAVE_STDLIB_H 1
| #define HAVE_STRING_H 1
| #define HAVE_MEMORY_H 1
| #define HAVE_STRINGS_H 1
| #define HAVE_INTTYPES_H 1
| #define HAVE_STDINT_H 1
| #define HAVE_UNISTD_H 1
| #define __EXTENSIONS__ 1
| #define _ALL_SOURCE 1
| #define _GNU_SOURCE 1
| #define _POSIX_PTHREAD_SEMANTICS 1
| #define _TANDEM_SOURCE 1
| #define HAVE_DLFCN_H 1
| #define LT_OBJDIR ".libs/"
| #define PICONV_PROG "/usr/bin/piconv"
| #define STDC_HEADERS 1
| #define HAVE_SYS_WAIT_H 1
| #define TIME_WITH_SYS_TIME 1
| /* end confdefs.h.  */
| #include <stdio.h>
| #ifdef HAVE_SYS_TYPES_H
| # include <sys/types.h>
| #endif
| #ifdef HAVE_SYS_STAT_H
| # include <sys/stat.h>
| #endif
| #ifdef STDC_HEADERS
| # include <stdlib.h>
| # include <stddef.h>
| #else
| # ifdef HAVE_STDLIB_H
| #  include <stdlib.h>
| # endif
| #endif
| #ifdef HAVE_STRING_H
| # if !defined STDC_HEADERS && defined HAVE_MEMORY_H
| #  include <memory.h>
| # endif
| # include <string.h>
| #endif
| #ifdef HAVE_STRINGS_H
| # include <strings.h>
| #endif
| #ifdef HAVE_INTTYPES_H
| # include <inttypes.h>
| #endif
| #ifdef HAVE_STDINT_H
| # include <stdint.h>
| #endif
| #ifdef HAVE_UNISTD_H
| # include <unistd.h>
| #endif
| int
| main ()
| {
| if (sizeof ((_Bool)))
| 	    return 0;
|   ;
|   return 0;
| }
configure:10674: result: yes
configure:10710: checking errno.h usability
configure:10710: /usr/bin/gcc -c -Wall -Wextra -W -pedantic -g -O2  conftest.c >&5
configure:10710: $? = 0
configure:10710: result: yes
configure:10710: checking errno.h presence
configure:10710: /usr/bin/gcc -E  conftest.c
configure:10710: $? = 0
configure:10710: result: yes
configure:10710: checking for errno.h
configure:10710: result: yes
configure:10710: checking fcntl.h usability
configure:10710: /usr/bin/gcc -c -Wall -Wextra -W -pedantic -g -O2  conftest.c >&5
configure:10710: $? = 0
configure:10710: result: yes
configure:10710: checking fcntl.h presence
configure:10710: /usr/bin/gcc -E  conftest.c
configure:10710: $? = 0
configure:10710: result: yes
configure:10710: checking for fcntl.h
configure:10710: result: yes
configure:10710: checking getopt.h usability
configure:10710: /usr/bin/gcc -c -Wall -Wextra -W -pedantic -g -O2  conftest.c >&5
configure:10710: $? = 0
configure:10710: result: yes
configure:10710: checking getopt.h presence
configure:10710: /usr/bin/gcc -E  conftest.c
configure:10710: $? = 0
configure:10710: result: yes
configure:10710: checking for getopt.h
configure:10710: result: yes
configure:10710: checking langinfo.h usability
configure:10710: /usr/bin/gcc -c -Wall -Wextra -W -pedantic -g -O2  conftest.c >&5
configure:10710: $? = 0
configure:10710: result: yes
configure:10710: checking langinfo.h presence
configure:10710: /usr/bin/gcc -E  conftest.c
configure:10710: $? = 0
configure:10710: result: yes
configure:10710: checking for langinfo.h
configure:10710: result: yes
configure:10710: checking limits.h usability
configure:10710: /usr/bin/gcc -c -Wall -Wextra -W -pedantic -g -O2  conftest.c >&5
configure:10710: $? = 0
configure:10710: result: yes
configure:10710: checking limits.h presence
configure:10710: /usr/bin/gcc -E  conftest.c
configure:10710: $? = 0
configure:10710: result: yes
configure:10710: checking for limits.h
configure:10710: result: yes
configure:10710: checking locale.h usability
configure:10710: /usr/bin/gcc -c -Wall -Wextra -W -pedantic -g -O2  conftest.c >&5
configure:10710: $? = 0
configure:10710: result: yes
configure:10710: checking locale.h presence
configure:10710: /usr/bin/gcc -E  conftest.c
configure:10710: $? = 0
configure:10710: result: yes
configure:10710: checking for locale.h
configure:10710: result: yes
configure:10710: checking for memory.h
configure:10710: result: yes
configure:10710: checking for string.h
configure:10710: result: yes
configure:10710: checking for strings.h
configure:10710: result: yes
configure:10710: checking for sys/stat.h
configure:10710: result: yes
configure:10710: checking for sys/types.h
configure:10710: result: yes
configure:10710: checking for sys/wait.h
configure:10710: result: yes
configure:10710: checking sys/time.h usability
configure:10710: /usr/bin/gcc -c -Wall -Wextra -W -pedantic -g -O2  conftest.c >&5
configure:10710: $? = 0
configure:10710: result: yes
configure:10710: checking sys/time.h presence
configure:10710: /usr/bin/gcc -E  conftest.c
configure:10710: $? = 0
configure:10710: result: yes
configure:10710: checking for sys/time.h
configure:10710: result: yes
configure:10710: checking time.h usability
configure:10710: /usr/bin/gcc -c -Wall -Wextra -W -pedantic -g -O2  conftest.c >&5
configure:10710: $? = 0
configure:10710: result: yes
configure:10710: checking time.h presence
configure:10710: /usr/bin/gcc -E  conftest.c
configure:10710: $? = 0
configure:10710: result: yes
configure:10710: checking for time.h
configure:10710: result: yes
configure:10710: checking for unistd.h
configure:10710: result: yes
configure:10710: checking wordexp.h usability
configure:10710: /usr/bin/gcc -c -Wall -Wextra -W -pedantic -g -O2  conftest.c >&5
configure:10710: $? = 0
configure:10710: result: yes
configure:10710: checking wordexp.h presence
configure:10710: /usr/bin/gcc -E  conftest.c
configure:10710: $? = 0
configure:10710: result: yes
configure:10710: checking for wordexp.h
configure:10710: result: yes
configure:10721: checking for an ANSI C-conforming const
configure:10787: /usr/bin/gcc -c -Wall -Wextra -W -pedantic -g -O2  conftest.c >&5
configure:10787: $? = 0
configure:10794: result: yes
configure:10802: checking for size_t
configure:10802: /usr/bin/gcc -c -Wall -Wextra -W -pedantic -g -O2  conftest.c >&5
configure:10802: $? = 0
configure:10802: /usr/bin/gcc -c -Wall -Wextra -W -pedantic -g -O2  conftest.c >&5
conftest.c: In function 'main':
conftest.c:86:21: error: expected expression before ')' token
 if (sizeof ((size_t)))
                     ^
configure:10802: $? = 1
configure: failed program was:
| /* confdefs.h */
| #define PACKAGE_NAME "Enca"
| #define PACKAGE_TARNAME "enca"
| #define PACKAGE_VERSION "1.19"
| #define PACKAGE_STRING "Enca 1.19"
| #define PACKAGE_BUGREPORT "https://github.com/nijel/enca/issues"
| #define PACKAGE_URL ""
| #define PACKAGE "enca"
| #define VERSION "1.19"
| #define STDC_HEADERS 1
| #define HAVE_SYS_TYPES_H 1
| #define HAVE_SYS_STAT_H 1
| #define HAVE_STDLIB_H 1
| #define HAVE_STRING_H 1
| #define HAVE_MEMORY_H 1
| #define HAVE_STRINGS_H 1
| #define HAVE_INTTYPES_H 1
| #define HAVE_STDINT_H 1
| #define HAVE_UNISTD_H 1
| #define __EXTENSIONS__ 1
| #define _ALL_SOURCE 1
| #define _GNU_SOURCE 1
| #define _POSIX_PTHREAD_SEMANTICS 1
| #define _TANDEM_SOURCE 1
| #define HAVE_DLFCN_H 1
| #define LT_OBJDIR ".libs/"
| #define PICONV_PROG "/usr/bin/piconv"
| #define STDC_HEADERS 1
| #define HAVE_SYS_WAIT_H 1
| #define TIME_WITH_SYS_TIME 1
| #define HAVE__BOOL 1
| #define HAVE_STDBOOL_H 1
| #define HAVE_ERRNO_H 1
| #define HAVE_FCNTL_H 1
| #define HAVE_GETOPT_H 1
| #define HAVE_LANGINFO_H 1
| #define HAVE_LIMITS_H 1
| #define HAVE_LOCALE_H 1
| #define HAVE_MEMORY_H 1
| #define HAVE_STRING_H 1
| #define HAVE_STRINGS_H 1
| #define HAVE_SYS_STAT_H 1
| #define HAVE_SYS_TYPES_H 1
| #define HAVE_SYS_WAIT_H 1
| #define HAVE_SYS_TIME_H 1
| #define HAVE_TIME_H 1
| #define HAVE_UNISTD_H 1
| #define HAVE_WORDEXP_H 1
| /* end confdefs.h.  */
| #include <stdio.h>
| #ifdef HAVE_SYS_TYPES_H
| # include <sys/types.h>
| #endif
| #ifdef HAVE_SYS_STAT_H
| # include <sys/stat.h>
| #endif
| #ifdef STDC_HEADERS
| # include <stdlib.h>
| # include <stddef.h>
| #else
| # ifdef HAVE_STDLIB_H
| #  include <stdlib.h>
| # endif
| #endif
| #ifdef HAVE_STRING_H
| # if !defined STDC_HEADERS && defined HAVE_MEMORY_H
| #  include <memory.h>
| # endif
| # include <string.h>
| #endif
| #ifdef HAVE_STRINGS_H
| # include <strings.h>
| #endif
| #ifdef HAVE_INTTYPES_H
| # include <inttypes.h>
| #endif
| #ifdef HAVE_STDINT_H
| # include <stdint.h>
| #endif
| #ifdef HAVE_UNISTD_H
| # include <unistd.h>
| #endif
| int
| main ()
| {
| if (sizeof ((size_t)))
| 	    return 0;
|   ;
|   return 0;
| }
configure:10802: result: yes
configure:10813: checking for mode_t
configure:10813: /usr/bin/gcc -c -Wall -Wextra -W -pedantic -g -O2  conftest.c >&5
configure:10813: $? = 0
configure:10813: /usr/bin/gcc -c -Wall -Wextra -W -pedantic -g -O2  conftest.c >&5
conftest.c: In function 'main':
conftest.c:86:21: error: expected expression before ')' token
 if (sizeof ((mode_t)))
                     ^
configure:10813: $? = 1
configure: failed program was:
| /* confdefs.h */
| #define PACKAGE_NAME "Enca"
| #define PACKAGE_TARNAME "enca"
| #define PACKAGE_VERSION "1.19"
| #define PACKAGE_STRING "Enca 1.19"
| #define PACKAGE_BUGREPORT "https://github.com/nijel/enca/issues"
| #define PACKAGE_URL ""
| #define PACKAGE "enca"
| #define VERSION "1.19"
| #define STDC_HEADERS 1
| #define HAVE_SYS_TYPES_H 1
| #define HAVE_SYS_STAT_H 1
| #define HAVE_STDLIB_H 1
| #define HAVE_STRING_H 1
| #define HAVE_MEMORY_H 1
| #define HAVE_STRINGS_H 1
| #define HAVE_INTTYPES_H 1
| #define HAVE_STDINT_H 1
| #define HAVE_UNISTD_H 1
| #define __EXTENSIONS__ 1
| #define _ALL_SOURCE 1
| #define _GNU_SOURCE 1
| #define _POSIX_PTHREAD_SEMANTICS 1
| #define _TANDEM_SOURCE 1
| #define HAVE_DLFCN_H 1
| #define LT_OBJDIR ".libs/"
| #define PICONV_PROG "/usr/bin/piconv"
| #define STDC_HEADERS 1
| #define HAVE_SYS_WAIT_H 1
| #define TIME_WITH_SYS_TIME 1
| #define HAVE__BOOL 1
| #define HAVE_STDBOOL_H 1
| #define HAVE_ERRNO_H 1
| #define HAVE_FCNTL_H 1
| #define HAVE_GETOPT_H 1
| #define HAVE_LANGINFO_H 1
| #define HAVE_LIMITS_H 1
| #define HAVE_LOCALE_H 1
| #define HAVE_MEMORY_H 1
| #define HAVE_STRING_H 1
| #define HAVE_STRINGS_H 1
| #define HAVE_SYS_STAT_H 1
| #define HAVE_SYS_TYPES_H 1
| #define HAVE_SYS_WAIT_H 1
| #define HAVE_SYS_TIME_H 1
| #define HAVE_TIME_H 1
| #define HAVE_UNISTD_H 1
| #define HAVE_WORDEXP_H 1
| /* end confdefs.h.  */
| #include <stdio.h>
| #ifdef HAVE_SYS_TYPES_H
| # include <sys/types.h>
| #endif
| #ifdef HAVE_SYS_STAT_H
| # include <sys/stat.h>
| #endif
| #ifdef STDC_HEADERS
| # include <stdlib.h>
| # include <stddef.h>
| #else
| # ifdef HAVE_STDLIB_H
| #  include <stdlib.h>
| # endif
| #endif
| #ifdef HAVE_STRING_H
| # if !defined STDC_HEADERS && defined HAVE_MEMORY_H
| #  include <memory.h>
| # endif
| # include <string.h>
| #endif
| #ifdef HAVE_STRINGS_H
| # include <strings.h>
| #endif
| #ifdef HAVE_INTTYPES_H
| # include <inttypes.h>
| #endif
| #ifdef HAVE_STDINT_H
| # include <stdint.h>
| #endif
| #ifdef HAVE_UNISTD_H
| # include <unistd.h>
| #endif
| int
| main ()
| {
| if (sizeof ((mode_t)))
| 	    return 0;
|   ;
|   return 0;
| }
configure:10813: result: yes
configure:10824: checking for off_t
configure:10824: /usr/bin/gcc -c -Wall -Wextra -W -pedantic -g -O2  conftest.c >&5
configure:10824: $? = 0
configure:10824: /usr/bin/gcc -c -Wall -Wextra -W -pedantic -g -O2  conftest.c >&5
conftest.c: In function 'main':
conftest.c:86:20: error: expected expression before ')' token
 if (sizeof ((off_t)))
                    ^
configure:10824: $? = 1
configure: failed program was:
| /* confdefs.h */
| #define PACKAGE_NAME "Enca"
| #define PACKAGE_TARNAME "enca"
| #define PACKAGE_VERSION "1.19"
| #define PACKAGE_STRING "Enca 1.19"
| #define PACKAGE_BUGREPORT "https://github.com/nijel/enca/issues"
| #define PACKAGE_URL ""
| #define PACKAGE "enca"
| #define VERSION "1.19"
| #define STDC_HEADERS 1
| #define HAVE_SYS_TYPES_H 1
| #define HAVE_SYS_STAT_H 1
| #define HAVE_STDLIB_H 1
| #define HAVE_STRING_H 1
| #define HAVE_MEMORY_H 1
| #define HAVE_STRINGS_H 1
| #define HAVE_INTTYPES_H 1
| #define HAVE_STDINT_H 1
| #define HAVE_UNISTD_H 1
| #define __EXTENSIONS__ 1
| #define _ALL_SOURCE 1
| #define _GNU_SOURCE 1
| #define _POSIX_PTHREAD_SEMANTICS 1
| #define _TANDEM_SOURCE 1
| #define HAVE_DLFCN_H 1
| #define LT_OBJDIR ".libs/"
| #define PICONV_PROG "/usr/bin/piconv"
| #define STDC_HEADERS 1
| #define HAVE_SYS_WAIT_H 1
| #define TIME_WITH_SYS_TIME 1
| #define HAVE__BOOL 1
| #define HAVE_STDBOOL_H 1
| #define HAVE_ERRNO_H 1
| #define HAVE_FCNTL_H 1
| #define HAVE_GETOPT_H 1
| #define HAVE_LANGINFO_H 1
| #define HAVE_LIMITS_H 1
| #define HAVE_LOCALE_H 1
| #define HAVE_MEMORY_H 1
| #define HAVE_STRING_H 1
| #define HAVE_STRINGS_H 1
| #define HAVE_SYS_STAT_H 1
| #define HAVE_SYS_TYPES_H 1
| #define HAVE_SYS_WAIT_H 1
| #define HAVE_SYS_TIME_H 1
| #define HAVE_TIME_H 1
| #define HAVE_UNISTD_H 1
| #define HAVE_WORDEXP_H 1
| /* end confdefs.h.  */
| #include <stdio.h>
| #ifdef HAVE_SYS_TYPES_H
| # include <sys/types.h>
| #endif
| #ifdef HAVE_SYS_STAT_H
| # include <sys/stat.h>
| #endif
| #ifdef STDC_HEADERS
| # include <stdlib.h>
| # include <stddef.h>
| #else
| # ifdef HAVE_STDLIB_H
| #  include <stdlib.h>
| # endif
| #endif
| #ifdef HAVE_STRING_H
| # if !defined STDC_HEADERS && defined HAVE_MEMORY_H
| #  include <memory.h>
| # endif
| # include <string.h>
| #endif
| #ifdef HAVE_STRINGS_H
| # include <strings.h>
| #endif
| #ifdef HAVE_INTTYPES_H
| # include <inttypes.h>
| #endif
| #ifdef HAVE_STDINT_H
| # include <stdint.h>
| #endif
| #ifdef HAVE_UNISTD_H
| # include <unistd.h>
| #endif
| int
| main ()
| {
| if (sizeof ((off_t)))
| 	    return 0;
|   ;
|   return 0;
| }
configure:10824: result: yes
configure:10835: checking for pid_t
configure:10835: /usr/bin/gcc -c -Wall -Wextra -W -pedantic -g -O2  conftest.c >&5
configure:10835: $? = 0
configure:10835: /usr/bin/gcc -c -Wall -Wextra -W -pedantic -g -O2  conftest.c >&5
conftest.c: In function 'main':
conftest.c:86:20: error: expected expression before ')' token
 if (sizeof ((pid_t)))
                    ^
configure:10835: $? = 1
configure: failed program was:
| /* confdefs.h */
| #define PACKAGE_NAME "Enca"
| #define PACKAGE_TARNAME "enca"
| #define PACKAGE_VERSION "1.19"
| #define PACKAGE_STRING "Enca 1.19"
| #define PACKAGE_BUGREPORT "https://github.com/nijel/enca/issues"
| #define PACKAGE_URL ""
| #define PACKAGE "enca"
| #define VERSION "1.19"
| #define STDC_HEADERS 1
| #define HAVE_SYS_TYPES_H 1
| #define HAVE_SYS_STAT_H 1
| #define HAVE_STDLIB_H 1
| #define HAVE_STRING_H 1
| #define HAVE_MEMORY_H 1
| #define HAVE_STRINGS_H 1
| #define HAVE_INTTYPES_H 1
| #define HAVE_STDINT_H 1
| #define HAVE_UNISTD_H 1
| #define __EXTENSIONS__ 1
| #define _ALL_SOURCE 1
| #define _GNU_SOURCE 1
| #define _POSIX_PTHREAD_SEMANTICS 1
| #define _TANDEM_SOURCE 1
| #define HAVE_DLFCN_H 1
| #define LT_OBJDIR ".libs/"
| #define PICONV_PROG "/usr/bin/piconv"
| #define STDC_HEADERS 1
| #define HAVE_SYS_WAIT_H 1
| #define TIME_WITH_SYS_TIME 1
| #define HAVE__BOOL 1
| #define HAVE_STDBOOL_H 1
| #define HAVE_ERRNO_H 1
| #define HAVE_FCNTL_H 1
| #define HAVE_GETOPT_H 1
| #define HAVE_LANGINFO_H 1
| #define HAVE_LIMITS_H 1
| #define HAVE_LOCALE_H 1
| #define HAVE_MEMORY_H 1
| #define HAVE_STRING_H 1
| #define HAVE_STRINGS_H 1
| #define HAVE_SYS_STAT_H 1
| #define HAVE_SYS_TYPES_H 1
| #define HAVE_SYS_WAIT_H 1
| #define HAVE_SYS_TIME_H 1
| #define HAVE_TIME_H 1
| #define HAVE_UNISTD_H 1
| #define HAVE_WORDEXP_H 1
| /* end confdefs.h.  */
| #include <stdio.h>
| #ifdef HAVE_SYS_TYPES_H
| # include <sys/types.h>
| #endif
| #ifdef HAVE_SYS_STAT_H
| # include <sys/stat.h>
| #endif
| #ifdef STDC_HEADERS
| # include <stdlib.h>
| # include <stddef.h>
| #else
| # ifdef HAVE_STDLIB_H
| #  include <stdlib.h>
| # endif
| #endif
| #ifdef HAVE_STRING_H
| # if !defined STDC_HEADERS && defined HAVE_MEMORY_H
| #  include <memory.h>
| # endif
| # include <string.h>
| #endif
| #ifdef HAVE_STRINGS_H
| # include <strings.h>
| #endif
| #ifdef HAVE_INTTYPES_H
| # include <inttypes.h>
| #endif
| #ifdef HAVE_STDINT_H
| # include <stdint.h>
| #endif
| #ifdef HAVE_UNISTD_H
| # include <unistd.h>
| #endif
| int
| main ()
| {
| if (sizeof ((pid_t)))
| 	    return 0;
|   ;
|   return 0;
| }
configure:10835: result: yes
configure:10846: checking for uid_t in sys/types.h
configure:10865: result: yes
configure:10876: checking for ssize_t
configure:10876: /usr/bin/gcc -c -Wall -Wextra -W -pedantic -g -O2  conftest.c >&5
configure:10876: $? = 0
configure:10876: /usr/bin/gcc -c -Wall -Wextra -W -pedantic -g -O2  conftest.c >&5
conftest.c: In function 'main':
conftest.c:86:22: error: expected expression before ')' token
 if (sizeof ((ssize_t)))
                      ^
configure:10876: $? = 1
configure: failed program was:
| /* confdefs.h */
| #define PACKAGE_NAME "Enca"
| #define PACKAGE_TARNAME "enca"
| #define PACKAGE_VERSION "1.19"
| #define PACKAGE_STRING "Enca 1.19"
| #define PACKAGE_BUGREPORT "https://github.com/nijel/enca/issues"
| #define PACKAGE_URL ""
| #define PACKAGE "enca"
| #define VERSION "1.19"
| #define STDC_HEADERS 1
| #define HAVE_SYS_TYPES_H 1
| #define HAVE_SYS_STAT_H 1
| #define HAVE_STDLIB_H 1
| #define HAVE_STRING_H 1
| #define HAVE_MEMORY_H 1
| #define HAVE_STRINGS_H 1
| #define HAVE_INTTYPES_H 1
| #define HAVE_STDINT_H 1
| #define HAVE_UNISTD_H 1
| #define __EXTENSIONS__ 1
| #define _ALL_SOURCE 1
| #define _GNU_SOURCE 1
| #define _POSIX_PTHREAD_SEMANTICS 1
| #define _TANDEM_SOURCE 1
| #define HAVE_DLFCN_H 1
| #define LT_OBJDIR ".libs/"
| #define PICONV_PROG "/usr/bin/piconv"
| #define STDC_HEADERS 1
| #define HAVE_SYS_WAIT_H 1
| #define TIME_WITH_SYS_TIME 1
| #define HAVE__BOOL 1
| #define HAVE_STDBOOL_H 1
| #define HAVE_ERRNO_H 1
| #define HAVE_FCNTL_H 1
| #define HAVE_GETOPT_H 1
| #define HAVE_LANGINFO_H 1
| #define HAVE_LIMITS_H 1
| #define HAVE_LOCALE_H 1
| #define HAVE_MEMORY_H 1
| #define HAVE_STRING_H 1
| #define HAVE_STRINGS_H 1
| #define HAVE_SYS_STAT_H 1
| #define HAVE_SYS_TYPES_H 1
| #define HAVE_SYS_WAIT_H 1
| #define HAVE_SYS_TIME_H 1
| #define HAVE_TIME_H 1
| #define HAVE_UNISTD_H 1
| #define HAVE_WORDEXP_H 1
| /* end confdefs.h.  */
| #include <stdio.h>
| #ifdef HAVE_SYS_TYPES_H
| # include <sys/types.h>
| #endif
| #ifdef HAVE_SYS_STAT_H
| # include <sys/stat.h>
| #endif
| #ifdef STDC_HEADERS
| # include <stdlib.h>
| # include <stddef.h>
| #else
| # ifdef HAVE_STDLIB_H
| #  include <stdlib.h>
| # endif
| #endif
| #ifdef HAVE_STRING_H
| # if !defined STDC_HEADERS && defined HAVE_MEMORY_H
| #  include <memory.h>
| # endif
| # include <string.h>
| #endif
| #ifdef HAVE_STRINGS_H
| # include <strings.h>
| #endif
| #ifdef HAVE_INTTYPES_H
| # include <inttypes.h>
| #endif
| #ifdef HAVE_STDINT_H
| # include <stdint.h>
| #endif
| #ifdef HAVE_UNISTD_H
| # include <unistd.h>
| #endif
| int
| main ()
| {
| if (sizeof ((ssize_t)))
| 	    return 0;
|   ;
|   return 0;
| }
configure:10876: result: yes
configure:10888: checking whether LC_MESSAGES is declared
configure:10888: /usr/bin/gcc -c -Wall -Wextra -W -pedantic -g -O2  conftest.c >&5
configure:10888: $? = 0
configure:10888: result: yes
configure:10902: checking for program_invocation_short_name
configure:10918: /usr/bin/gcc -o conftest -Wall -Wextra -W -pedantic -g -O2   conftest.c  -lm >&5
configure:10918: $? = 0
configure:10926: result: yes
configure:10936: checking vfork.h usability
configure:10936: /usr/bin/gcc -c -Wall -Wextra -W -pedantic -g -O2  conftest.c >&5
conftest.c:85:10: fatal error: vfork.h: No such file or directory
 #include <vfork.h>
          ^~~~~~~~~
compilation terminated.
configure:10936: $? = 1
configure: failed program was:
| /* confdefs.h */
| #define PACKAGE_NAME "Enca"
| #define PACKAGE_TARNAME "enca"
| #define PACKAGE_VERSION "1.19"
| #define PACKAGE_STRING "Enca 1.19"
| #define PACKAGE_BUGREPORT "https://github.com/nijel/enca/issues"
| #define PACKAGE_URL ""
| #define PACKAGE "enca"
| #define VERSION "1.19"
| #define STDC_HEADERS 1
| #define HAVE_SYS_TYPES_H 1
| #define HAVE_SYS_STAT_H 1
| #define HAVE_STDLIB_H 1
| #define HAVE_STRING_H 1
| #define HAVE_MEMORY_H 1
| #define HAVE_STRINGS_H 1
| #define HAVE_INTTYPES_H 1
| #define HAVE_STDINT_H 1
| #define HAVE_UNISTD_H 1
| #define __EXTENSIONS__ 1
| #define _ALL_SOURCE 1
| #define _GNU_SOURCE 1
| #define _POSIX_PTHREAD_SEMANTICS 1
| #define _TANDEM_SOURCE 1
| #define HAVE_DLFCN_H 1
| #define LT_OBJDIR ".libs/"
| #define PICONV_PROG "/usr/bin/piconv"
| #define STDC_HEADERS 1
| #define HAVE_SYS_WAIT_H 1
| #define TIME_WITH_SYS_TIME 1
| #define HAVE__BOOL 1
| #define HAVE_STDBOOL_H 1
| #define HAVE_ERRNO_H 1
| #define HAVE_FCNTL_H 1
| #define HAVE_GETOPT_H 1
| #define HAVE_LANGINFO_H 1
| #define HAVE_LIMITS_H 1
| #define HAVE_LOCALE_H 1
| #define HAVE_MEMORY_H 1
| #define HAVE_STRING_H 1
| #define HAVE_STRINGS_H 1
| #define HAVE_SYS_STAT_H 1
| #define HAVE_SYS_TYPES_H 1
| #define HAVE_SYS_WAIT_H 1
| #define HAVE_SYS_TIME_H 1
| #define HAVE_TIME_H 1
| #define HAVE_UNISTD_H 1
| #define HAVE_WORDEXP_H 1
| #define HAVE_DECL_LC_MESSAGES 1
| #define HAVE_PROGRAM_INVOCATION_SHORT_NAME 1
| /* end confdefs.h.  */
| #include <stdio.h>
| #ifdef HAVE_SYS_TYPES_H
| # include <sys/types.h>
| #endif
| #ifdef HAVE_SYS_STAT_H
| # include <sys/stat.h>
| #endif
| #ifdef STDC_HEADERS
| # include <stdlib.h>
| # include <stddef.h>
| #else
| # ifdef HAVE_STDLIB_H
| #  include <stdlib.h>
| # endif
| #endif
| #ifdef HAVE_STRING_H
| # if !defined STDC_HEADERS && defined HAVE_MEMORY_H
| #  include <memory.h>
| # endif
| # include <string.h>
| #endif
| #ifdef HAVE_STRINGS_H
| # include <strings.h>
| #endif
| #ifdef HAVE_INTTYPES_H
| # include <inttypes.h>
| #endif
| #ifdef HAVE_STDINT_H
| # include <stdint.h>
| #endif
| #ifdef HAVE_UNISTD_H
| # include <unistd.h>
| #endif
| #include <vfork.h>
configure:10936: result: no
configure:10936: checking vfork.h presence
configure:10936: /usr/bin/gcc -E  conftest.c
conftest.c:52:10: fatal error: vfork.h: No such file or directory
 #include <vfork.h>
          ^~~~~~~~~
compilation terminated.
configure:10936: $? = 1
configure: failed program was:
| /* confdefs.h */
| #define PACKAGE_NAME "Enca"
| #define PACKAGE_TARNAME "enca"
| #define PACKAGE_VERSION "1.19"
| #define PACKAGE_STRING "Enca 1.19"
| #define PACKAGE_BUGREPORT "https://github.com/nijel/enca/issues"
| #define PACKAGE_URL ""
| #define PACKAGE "enca"
| #define VERSION "1.19"
| #define STDC_HEADERS 1
| #define HAVE_SYS_TYPES_H 1
| #define HAVE_SYS_STAT_H 1
| #define HAVE_STDLIB_H 1
| #define HAVE_STRING_H 1
| #define HAVE_MEMORY_H 1
| #define HAVE_STRINGS_H 1
| #define HAVE_INTTYPES_H 1
| #define HAVE_STDINT_H 1
| #define HAVE_UNISTD_H 1
| #define __EXTENSIONS__ 1
| #define _ALL_SOURCE 1
| #define _GNU_SOURCE 1
| #define _POSIX_PTHREAD_SEMANTICS 1
| #define _TANDEM_SOURCE 1
| #define HAVE_DLFCN_H 1
| #define LT_OBJDIR ".libs/"
| #define PICONV_PROG "/usr/bin/piconv"
| #define STDC_HEADERS 1
| #define HAVE_SYS_WAIT_H 1
| #define TIME_WITH_SYS_TIME 1
| #define HAVE__BOOL 1
| #define HAVE_STDBOOL_H 1
| #define HAVE_ERRNO_H 1
| #define HAVE_FCNTL_H 1
| #define HAVE_GETOPT_H 1
| #define HAVE_LANGINFO_H 1
| #define HAVE_LIMITS_H 1
| #define HAVE_LOCALE_H 1
| #define HAVE_MEMORY_H 1
| #define HAVE_STRING_H 1
| #define HAVE_STRINGS_H 1
| #define HAVE_SYS_STAT_H 1
| #define HAVE_SYS_TYPES_H 1
| #define HAVE_SYS_WAIT_H 1
| #define HAVE_SYS_TIME_H 1
| #define HAVE_TIME_H 1
| #define HAVE_UNISTD_H 1
| #define HAVE_WORDEXP_H 1
| #define HAVE_DECL_LC_MESSAGES 1
| #define HAVE_PROGRAM_INVOCATION_SHORT_NAME 1
| /* end confdefs.h.  */
| #include <vfork.h>
configure:10936: result: no
configure:10936: checking for vfork.h
configure:10936: result: no
configure:10949: checking for fork
configure:10949: /usr/bin/gcc -o conftest -Wall -Wextra -W -pedantic -g -O2   conftest.c  -lm >&5
conftest.c:75:6: warning: conflicting types for built-in function 'fork' [-Wbuiltin-declaration-mismatch]
 char fork ();
      ^~~~
configure:10949: $? = 0
configure:10949: result: yes
configure:10949: checking for vfork
configure:10949: /usr/bin/gcc -o conftest -Wall -Wextra -W -pedantic -g -O2   conftest.c  -lm >&5
configure:10949: $? = 0
configure:10949: result: yes
configure:10959: checking for working fork
configure:10981: /usr/bin/gcc -o conftest -Wall -Wextra -W -pedantic -g -O2   conftest.c  -lm >&5
configure:10981: $? = 0
configure:10981: ./conftest
configure:10981: $? = 0
configure:10991: result: yes
configure:11012: checking for working vfork
configure:11122: result: yes
configure:11161: checking for ftruncate
configure:11161: /usr/bin/gcc -o conftest -Wall -Wextra -W -pedantic -g -O2   conftest.c  -lm >&5
configure:11161: $? = 0
configure:11161: result: yes
configure:11161: checking for gettimeofday
configure:11161: /usr/bin/gcc -o conftest -Wall -Wextra -W -pedantic -g -O2   conftest.c  -lm >&5
configure:11161: $? = 0
configure:11161: result: yes
configure:11161: checking for isatty
configure:11161: /usr/bin/gcc -o conftest -Wall -Wextra -W -pedantic -g -O2   conftest.c  -lm >&5
configure:11161: $? = 0
configure:11161: result: yes
configure:11161: checking for nl_langinfo
configure:11161: /usr/bin/gcc -o conftest -Wall -Wextra -W -pedantic -g -O2   conftest.c  -lm >&5
configure:11161: $? = 0
configure:11161: result: yes
configure:11161: checking for random
configure:11161: /usr/bin/gcc -o conftest -Wall -Wextra -W -pedantic -g -O2   conftest.c  -lm >&5
configure:11161: $? = 0
configure:11161: result: yes
configure:11161: checking for realpath
configure:11161: /usr/bin/gcc -o conftest -Wall -Wextra -W -pedantic -g -O2   conftest.c  -lm >&5
configure:11161: $? = 0
configure:11161: result: yes
configure:11161: checking for strstr
configure:11161: /usr/bin/gcc -o conftest -Wall -Wextra -W -pedantic -g -O2   conftest.c  -lm >&5
conftest.c:85:6: warning: conflicting types for built-in function 'strstr' [-Wbuiltin-declaration-mismatch]
 char strstr ();
      ^~~~~~
configure:11161: $? = 0
configure:11161: result: yes
configure:11161: checking for stpcpy
configure:11161: /usr/bin/gcc -o conftest -Wall -Wextra -W -pedantic -g -O2   conftest.c  -lm >&5
conftest.c:86:6: warning: conflicting types for built-in function 'stpcpy' [-Wbuiltin-declaration-mismatch]
 char stpcpy ();
      ^~~~~~
configure:11161: $? = 0
configure:11161: result: yes
configure:11161: checking for setlocale
configure:11161: /usr/bin/gcc -o conftest -Wall -Wextra -W -pedantic -g -O2   conftest.c  -lm >&5
configure:11161: $? = 0
configure:11161: result: yes
configure:11161: checking for ttyname
configure:11161: /usr/bin/gcc -o conftest -Wall -Wextra -W -pedantic -g -O2   conftest.c  -lm >&5
configure:11161: $? = 0
configure:11161: result: yes
configure:11161: checking for wordexp
configure:11161: /usr/bin/gcc -o conftest -Wall -Wextra -W -pedantic -g -O2   conftest.c  -lm >&5
configure:11161: $? = 0
configure:11161: result: yes
configure:11170: checking for getopt_long
configure:11170: /usr/bin/gcc -o conftest -Wall -Wextra -W -pedantic -g -O2   conftest.c  -lm >&5
configure:11170: $? = 0
configure:11170: result: yes
configure:11226: checking for ld used by /usr/bin/gcc
configure:11293: result: /usr/bin/ld -m elf_x86_64
configure:11300: checking if the linker (/usr/bin/ld -m elf_x86_64) is GNU ld
configure:11315: result: yes
configure:11322: checking for shared library run path origin
configure:11335: result: done
configure:11913: checking for iconv
configure:11937: /usr/bin/gcc -o conftest -Wall -Wextra -W -pedantic -g -O2   conftest.c  -lm >&5
configure:11937: $? = 0
configure:11971: result: yes
configure:11974: checking for working iconv
configure:12103: /usr/bin/gcc -o conftest -Wall -Wextra -W -pedantic -g -O2   conftest.c  -lm >&5
configure:12103: $? = 0
configure:12103: ./conftest
configure:12103: $? = 0
configure:12115: result: yes
configure:12143: checking for iconv declaration
configure:12172: /usr/bin/gcc -c -Wall -Wextra -W -pedantic -g -O2  conftest.c >&5
configure:12172: $? = 0
configure:12183: result:
         extern size_t iconv (iconv_t cd, char * *inbuf, size_t *inbytesleft, char * *outbuf, size_t *outbytesleft);
configure:12200: checking whether iconv implementation is usable
iconvcap: checking for ISO8859-1 -> Unicode... found ISO-8859-1 -> UCS2
iconvcap: checking for ASCII -> Unicode... found ASCII -> UCS2
iconvcap: checking for BALTIC -> Unicode... found BALTIC -> UCS2
iconvcap: checking for CP1125 -> Unicode... found CP1125 -> UCS2
iconvcap: checking for CP1250 -> Unicode... found CP1250 -> UCS2
iconvcap: checking for CP1251 -> Unicode... found CP1251 -> UCS2
iconvcap: checking for CP1257 -> Unicode... found CP1257 -> UCS2
iconvcap: checking for ECMA113 -> Unicode... found ECMA-cyrillic -> UCS2
iconvcap: checking for IBM852 -> Unicode... found IBM852 -> UCS2
iconvcap: checking for IBM855 -> Unicode... found IBM855 -> UCS2
iconvcap: checking for IBM775 -> Unicode... found IBM775 -> UCS2
iconvcap: checking for IBM866 -> Unicode... found IBM866 -> UCS2
iconvcap: checking for ISO88592 -> Unicode... found ISO-8859-2 -> UCS2
iconvcap: checking for ISO88594 -> Unicode... found ISO-8859-4 -> UCS2
iconvcap: checking for ISO88595 -> Unicode... found ISO-8859-5 -> UCS2
iconvcap: checking for ISO885913 -> Unicode... found ISO-8859-13 -> UCS2
iconvcap: checking for ISO885916 -> Unicode... found ISO-8859-16 -> UCS2
iconvcap: checking for KEYBCS2 -> Unicode... failed.
iconvcap: checking for KOI8CS2 -> Unicode... failed.
iconvcap: checking for KOI8R -> Unicode... found KOI8-R -> UCS2
iconvcap: checking for KOI8U -> Unicode... found KOI8-U -> UCS2
iconvcap: checking for KOI8UNI -> Unicode... failed.
iconvcap: checking for MACCE -> Unicode... failed.
iconvcap: checking for MACCYR -> Unicode... found MACCYRILLIC -> UCS2
iconvcap: checking for LATEX -> Unicode... failed.
iconvcap: checking for UCS2 -> Unicode... found UCS-2 -> UCS2
iconvcap: checking for UCS4 -> Unicode... found UCS-4 -> UCS2
iconvcap: checking for UTF7 -> Unicode... found UTF-7 -> UCS2
iconvcap: checking for UTF8 -> Unicode... found UTF-8 -> UCS2
iconvcap: checking for CORK -> Unicode... failed.
iconvcap: checking for GBK -> Unicode... found GBK -> UCS2
iconvcap: checking for BIG5 -> Unicode... found BIG5 -> UCS2
iconvcap: checking for HZ -> Unicode... found GB18030 -> UCS2
configure:12211: result: yes
configure:12217: checking whether iconv is transitive
iconvcap: transitivity OK
configure:12228: result: yes
configure:12273: checking for recode_new_outer in librecode
configure:12289: /usr/bin/gcc -o conftest -Wall -Wextra -W -pedantic -g -O2     conftest.c  -lm -lrecode >&5
conftest.c: In function 'main':
conftest.c:76:1: warning: implicit declaration of function 'recode_new_outer' [-Wimplicit-function-declaration]
 recode_new_outer(0);
 ^~~~~~~~~~~~~~~~
/usr/bin/ld: cannot find -lrecode
collect2: error: ld returned 1 exit status
configure:12289: $? = 1
configure: failed program was:
| /* confdefs.h */
| #define PACKAGE_NAME "Enca"
| #define PACKAGE_TARNAME "enca"
| #define PACKAGE_VERSION "1.19"
| #define PACKAGE_STRING "Enca 1.19"
| #define PACKAGE_BUGREPORT "https://github.com/nijel/enca/issues"
| #define PACKAGE_URL ""
| #define PACKAGE "enca"
| #define VERSION "1.19"
| #define STDC_HEADERS 1
| #define HAVE_SYS_TYPES_H 1
| #define HAVE_SYS_STAT_H 1
| #define HAVE_STDLIB_H 1
| #define HAVE_STRING_H 1
| #define HAVE_MEMORY_H 1
| #define HAVE_STRINGS_H 1
| #define HAVE_INTTYPES_H 1
| #define HAVE_STDINT_H 1
| #define HAVE_UNISTD_H 1
| #define __EXTENSIONS__ 1
| #define _ALL_SOURCE 1
| #define _GNU_SOURCE 1
| #define _POSIX_PTHREAD_SEMANTICS 1
| #define _TANDEM_SOURCE 1
| #define HAVE_DLFCN_H 1
| #define LT_OBJDIR ".libs/"
| #define PICONV_PROG "/usr/bin/piconv"
| #define STDC_HEADERS 1
| #define HAVE_SYS_WAIT_H 1
| #define TIME_WITH_SYS_TIME 1
| #define HAVE__BOOL 1
| #define HAVE_STDBOOL_H 1
| #define HAVE_ERRNO_H 1
| #define HAVE_FCNTL_H 1
| #define HAVE_GETOPT_H 1
| #define HAVE_LANGINFO_H 1
| #define HAVE_LIMITS_H 1
| #define HAVE_LOCALE_H 1
| #define HAVE_MEMORY_H 1
| #define HAVE_STRING_H 1
| #define HAVE_STRINGS_H 1
| #define HAVE_SYS_STAT_H 1
| #define HAVE_SYS_TYPES_H 1
| #define HAVE_SYS_WAIT_H 1
| #define HAVE_SYS_TIME_H 1
| #define HAVE_TIME_H 1
| #define HAVE_UNISTD_H 1
| #define HAVE_WORDEXP_H 1
| #define HAVE_DECL_LC_MESSAGES 1
| #define HAVE_PROGRAM_INVOCATION_SHORT_NAME 1
| #define HAVE_FORK 1
| #define HAVE_VFORK 1
| #define HAVE_WORKING_VFORK 1
| #define HAVE_WORKING_FORK 1
| #define HAVE_FTRUNCATE 1
| #define HAVE_GETTIMEOFDAY 1
| #define HAVE_ISATTY 1
| #define HAVE_NL_LANGINFO 1
| #define HAVE_RANDOM 1
| #define HAVE_REALPATH 1
| #define HAVE_STRSTR 1
| #define HAVE_STPCPY 1
| #define HAVE_SETLOCALE 1
| #define HAVE_TTYNAME 1
| #define HAVE_WORDEXP 1
| #define HAVE_GETOPT_LONG 1
| #define HAVE_ICONV 1
| #define ICONV_CONST 
| #define HAVE_GOOD_ICONV 1
| #define ICONV_IS_TRANSITIVE 1
| /* end confdefs.h.  */
| char* program_name = "";
| int
| main ()
| {
| recode_new_outer(0);
|   ;
|   return 0;
| }
configure:12297: result: no
configure:12379: checking for locale.alias
configure:12395: result: /usr/share/locale/locale.alias
configure:12523: checking that generated files are newer than configure
configure:12529: result: done
configure:12564: creating ./config.status

## ---------------------- ##
## Running config.status. ##
## ---------------------- ##

This file was extended by Enca config.status 1.19, which was
generated by GNU Autoconf 2.69.  Invocation command line was

  CONFIG_FILES    = 
  CONFIG_HEADERS  = 
  CONFIG_LINKS    = 
  CONFIG_COMMANDS = 
  $ ./config.status 

on wdliang-PC

config.status:1173: creating Makefile
config.status:1173: creating enca.spec
config.status:1173: creating enca.pc
config.status:1173: creating devel-docs/Makefile
config.status:1173: creating data/Makefile
config.status:1173: creating lib/Makefile
config.status:1173: creating script/Makefile
config.status:1173: creating script/b-cstocs
config.status:1173: creating script/b-map
config.status:1173: creating script/b-piconv
config.status:1173: creating script/b-umap
config.status:1173: creating src/Makefile
config.status:1173: creating src/HELP
config.status:1173: creating test/Makefile
config.status:1173: creating tools/Makefile
config.status:1173: creating config.h
config.status:1354: config.h is unchanged
config.status:1402: executing depfiles commands
config.status:1402: executing libtool commands

## ---------------- ##
## Cache variables. ##
## ---------------- ##

ac_cv_build=x86_64-pc-linux-gnu
ac_cv_c_compiler_gnu=yes
ac_cv_c_const=yes
ac_cv_env_CC_set=set
ac_cv_env_CC_value=/usr/bin/gcc
ac_cv_env_CFLAGS_set=
ac_cv_env_CFLAGS_value=
ac_cv_env_CPPFLAGS_set=
ac_cv_env_CPPFLAGS_value=
ac_cv_env_CPP_set=
ac_cv_env_CPP_value=
ac_cv_env_LDFLAGS_set=
ac_cv_env_LDFLAGS_value=
ac_cv_env_LIBS_set=
ac_cv_env_LIBS_value=
ac_cv_env_LT_SYS_LIBRARY_PATH_set=
ac_cv_env_LT_SYS_LIBRARY_PATH_value=
ac_cv_env_build_alias_set=
ac_cv_env_build_alias_value=
ac_cv_env_host_alias_set=
ac_cv_env_host_alias_value=
ac_cv_env_target_alias_set=
ac_cv_env_target_alias_value=
ac_cv_func_fork=yes
ac_cv_func_fork_works=yes
ac_cv_func_ftruncate=yes
ac_cv_func_getopt_long=yes
ac_cv_func_gettimeofday=yes
ac_cv_func_isatty=yes
ac_cv_func_nl_langinfo=yes
ac_cv_func_random=yes
ac_cv_func_realpath=yes
ac_cv_func_setlocale=yes
ac_cv_func_stpcpy=yes
ac_cv_func_strstr=yes
ac_cv_func_ttyname=yes
ac_cv_func_vfork=yes
ac_cv_func_vfork_works=yes
ac_cv_func_wordexp=yes
ac_cv_have_decl_LC_MESSAGES=yes
ac_cv_header_dlfcn_h=yes
ac_cv_header_errno_h=yes
ac_cv_header_fcntl_h=yes
ac_cv_header_getopt_h=yes
ac_cv_header_inttypes_h=yes
ac_cv_header_langinfo_h=yes
ac_cv_header_limits_h=yes
ac_cv_header_locale_h=yes
ac_cv_header_memory_h=yes
ac_cv_header_minix_config_h=no
ac_cv_header_stat_broken=no
ac_cv_header_stdbool_h=yes
ac_cv_header_stdc=yes
ac_cv_header_stdint_h=yes
ac_cv_header_stdlib_h=yes
ac_cv_header_string_h=yes
ac_cv_header_strings_h=yes
ac_cv_header_sys_stat_h=yes
ac_cv_header_sys_time_h=yes
ac_cv_header_sys_types_h=yes
ac_cv_header_sys_wait_h=yes
ac_cv_header_time=yes
ac_cv_header_time_h=yes
ac_cv_header_unistd_h=yes
ac_cv_header_vfork_h=no
ac_cv_header_wordexp_h=yes
ac_cv_host=x86_64-pc-linux-gnu
ac_cv_lib_m_sqrt=yes
ac_cv_objext=o
ac_cv_path_EGREP='/usr/bin/grep -E'
ac_cv_path_FGREP='/usr/bin/grep -F'
ac_cv_path_GCOV=/usr/bin/gcov
ac_cv_path_GREP=/usr/bin/grep
ac_cv_path_MKTEMP_PROG=/usr/bin/mktemp
ac_cv_path_PICONV_PROG=/usr/bin/piconv
ac_cv_path_SED=/usr/bin/sed
ac_cv_path_install='/usr/bin/install -c'
ac_cv_path_lt_DD=/usr/bin/dd
ac_cv_path_mkdir=/usr/bin/mkdir
ac_cv_prog_AWK=gawk
ac_cv_prog_CPP='/usr/bin/gcc -E'
ac_cv_prog_GTKDOC=false
ac_cv_prog_ac_ct_AR=ar
ac_cv_prog_ac_ct_CC=/usr/bin/gcc
ac_cv_prog_ac_ct_MANIFEST_TOOL=mt
ac_cv_prog_ac_ct_OBJDUMP=objdump
ac_cv_prog_ac_ct_RANLIB=ranlib
ac_cv_prog_ac_ct_STRIP=strip
ac_cv_prog_cc_c89=
ac_cv_prog_cc_g=yes
ac_cv_prog_make_make_set=yes
ac_cv_safe_to_define___extensions__=yes
ac_cv_search_strerror='none required'
ac_cv_type__Bool=yes
ac_cv_type_mode_t=yes
ac_cv_type_off_t=yes
ac_cv_type_pid_t=yes
ac_cv_type_size_t=yes
ac_cv_type_ssize_t=yes
ac_cv_type_uid_t=yes
acl_cv_hardcode_direct=no
acl_cv_hardcode_libdir_flag_spec='${wl}-rpath ${wl}$libdir'
acl_cv_hardcode_libdir_separator=
acl_cv_hardcode_minus_L=no
acl_cv_libext=a
acl_cv_path_LD='/usr/bin/ld -m elf_x86_64'
acl_cv_prog_gnu_ld=yes
acl_cv_rpath=done
acl_cv_shlibext=so
acl_cv_wl=-Wl,
am_cv_CC_dependencies_compiler_type=gcc3
am_cv_func_iconv=yes
am_cv_func_iconv_works=yes
am_cv_lib_iconv=no
am_cv_make_support_nested_variables=yes
am_cv_prog_cc_c_o=yes
am_cv_proto_iconv='extern size_t iconv (iconv_t cd, char * *inbuf, size_t *inbytesleft, char * *outbuf, size_t *outbytesleft);'
am_cv_proto_iconv_arg1=
lt_cv_ar_at_file=@
lt_cv_archive_cmds_need_lc=no
lt_cv_deplibs_check_method=pass_all
lt_cv_file_magic_cmd='$MAGIC_CMD'
lt_cv_file_magic_test_file=
lt_cv_ld_reload_flag=-r
lt_cv_nm_interface='BSD nm'
lt_cv_objdir=.libs
lt_cv_path_LD=/usr/bin/ld
lt_cv_path_NM='/usr/bin/nm -B'
lt_cv_path_mainfest_tool=no
lt_cv_prog_compiler_c_o=yes
lt_cv_prog_compiler_pic='-fPIC -DPIC'
lt_cv_prog_compiler_pic_works=yes
lt_cv_prog_compiler_rtti_exceptions=no
lt_cv_prog_compiler_static_works=yes
lt_cv_prog_gnu_ld=yes
lt_cv_sharedlib_from_linklib_cmd='printf %s\n'
lt_cv_shlibpath_overrides_runpath=yes
lt_cv_sys_global_symbol_pipe='sed -n -e '\''s/^.*[	 ]\([ABCDGIRSTW][ABCDGIRSTW]*\)[	 ][	 ]*\([_A-Za-z][_A-Za-z0-9]*\)$/\1 \2 \2/p'\'' | sed '\''/ __gnu_lto/d'\'''
lt_cv_sys_global_symbol_to_c_name_address='sed -n -e '\''s/^: \(.*\) .*$/  {"\1", (void *) 0},/p'\'' -e '\''s/^[ABCDGIRSTW][ABCDGIRSTW]* .* \(.*\)$/  {"\1", (void *) \&\1},/p'\'''
lt_cv_sys_global_symbol_to_c_name_address_lib_prefix='sed -n -e '\''s/^: \(.*\) .*$/  {"\1", (void *) 0},/p'\'' -e '\''s/^[ABCDGIRSTW][ABCDGIRSTW]* .* \(lib.*\)$/  {"\1", (void *) \&\1},/p'\'' -e '\''s/^[ABCDGIRSTW][ABCDGIRSTW]* .* \(.*\)$/  {"lib\1", (void *) \&\1},/p'\'''
lt_cv_sys_global_symbol_to_cdecl='sed -n -e '\''s/^T .* \(.*\)$/extern int \1();/p'\'' -e '\''s/^[ABCDGIRSTW][ABCDGIRSTW]* .* \(.*\)$/extern char \1;/p'\'''
lt_cv_sys_global_symbol_to_import=
lt_cv_sys_max_cmd_len=1572864
lt_cv_to_host_file_cmd=func_convert_file_noop
lt_cv_to_tool_file_cmd=func_convert_file_noop
lt_cv_truncate_bin='/usr/bin/dd bs=4096 count=1'
yeti_cv_file_locale_alias=/usr/share/locale/locale.alias
yeti_cv_lib_c_iconv_transitive=yes
yeti_cv_lib_c_program_invocation_short_name=yes
yeti_cv_lib_recode_new_outer=no

## ----------------- ##
## Output variables. ##
## ----------------- ##

ACLOCAL='${SHELL} /home/wdliang/workspace/dev2/SP4/deepin-editor/third/enca-1.19/missing aclocal-1.15 -I m4'
AMDEPBACKSLASH='\'
AMDEP_FALSE='#'
AMDEP_TRUE=''
AMTAR='$${TAR-tar}'
AM_BACKSLASH='\'
AM_DEFAULT_V='$(AM_DEFAULT_VERBOSITY)'
AM_DEFAULT_VERBOSITY='1'
AM_V='$(V)'
AR='ar'
AUTOCONF='${SHELL} /home/wdliang/workspace/dev2/SP4/deepin-editor/third/enca-1.19/missing autoconf'
AUTOHEADER='${SHELL} /home/wdliang/workspace/dev2/SP4/deepin-editor/third/enca-1.19/missing autoheader'
AUTOMAKE='${SHELL} /home/wdliang/workspace/dev2/SP4/deepin-editor/third/enca-1.19/missing automake-1.15'
AWK='gawk'
CC='/usr/bin/gcc'
CCDEPMODE='depmode=gcc3'
CFLAGS='-Wall -Wextra -W -pedantic -g -O2'
CONVERTER_LIBS=' '
CPP='/usr/bin/gcc -E'
CPPFLAGS=''
CSTOCS_PROG=''
CYGPATH_W='echo'
DEFAULT_CONVERTER_LIST='built-in,iconv'
DEFAULT_EXTERNAL_CONVERTER='piconv'
DEFS='-DHAVE_CONFIG_H'
DEPDIR='.deps'
DLLTOOL='false'
DSYMUTIL=''
DUMPBIN=''
ECHO_C=''
ECHO_N='-n'
ECHO_T=''
EGREP='/usr/bin/grep -E'
ENABLE_GTK_DOC_FALSE=''
ENABLE_GTK_DOC_TRUE='#'
EXEEXT=''
FGREP='/usr/bin/grep -F'
GCOV='/usr/bin/gcov'
GCOV_CPPFLAGS=''
GCOV_FLAGS=''
GCOV_LDFLAGS=''
GREP='/usr/bin/grep'
GTKDOC='false'
HTML_DIR='${datarootdir}/gtk-doc/html'
INSTALL_DATA='${INSTALL} -m 644'
INSTALL_PROGRAM='${INSTALL}'
INSTALL_SCRIPT='${INSTALL}'
INSTALL_STRIP_PROGRAM='$(install_sh) -c -s'
LD='/usr/bin/ld -m elf_x86_64'
LDFLAGS=''
LIBICONV=''
LIBM='-lm'
LIBOBJS=''
LIBS=' -lm'
LIBTOOL='$(SHELL) $(top_builddir)/libtool'
LIPO=''
LN_S='ln -s'
LTLIBICONV=''
LTLIBOBJS=''
LT_SYS_LIBRARY_PATH=''
MAINT='#'
MAINTAINER_MODE_FALSE=''
MAINTAINER_MODE_TRUE='#'
MAKEINFO='${SHELL} /home/wdliang/workspace/dev2/SP4/deepin-editor/third/enca-1.19/missing makeinfo'
MANIFEST_TOOL=':'
MAP_PROG=''
MKDIR_P='/usr/bin/mkdir -p'
MKTEMP_PROG='/usr/bin/mktemp'
NM='/usr/bin/nm -B'
NMEDIT=''
OBJDUMP='objdump'
OBJEXT='o'
OTOOL64=''
OTOOL=''
PACKAGE='enca'
PACKAGE_BUGREPORT='https://github.com/nijel/enca/issues'
PACKAGE_NAME='Enca'
PACKAGE_STRING='Enca 1.19'
PACKAGE_TARNAME='enca'
PACKAGE_URL=''
PACKAGE_VERSION='1.19'
PATH_SEPARATOR=':'
PICONV_PROG='/usr/bin/piconv'
RANLIB='ranlib'
RECODE_PROG=''
RELEASE='1'
SED='/usr/bin/sed'
SET_MAKE=''
SHELL='/bin/bash'
SHELL_RANDOM_FILENAME='`/usr/bin/mktemp /tmp/enca-$$-XXXXXXXX`'
STRIP='strip'
UMAP_PROG=''
VERSION='1.19'
ac_ct_AR='ar'
ac_ct_CC='/usr/bin/gcc'
ac_ct_DUMPBIN=''
am__EXEEXT_FALSE=''
am__EXEEXT_TRUE='#'
am__fastdepCC_FALSE='#'
am__fastdepCC_TRUE=''
am__include='include'
am__isrc=''
am__leading_dot='.'
am__nodep='_no'
am__quote=''
am__tar='$${TAR-tar} chof - "$$tardir"'
am__untar='$${TAR-tar} xf -'
bindir='${exec_prefix}/bin'
build='x86_64-pc-linux-gnu'
build_alias=''
build_cpu='x86_64'
build_os='linux-gnu'
build_vendor='pc'
datadir='${datarootdir}'
datarootdir='${prefix}/share'
docdir='${datarootdir}/doc/${PACKAGE_TARNAME}'
dvidir='${docdir}'
exec_prefix='${prefix}'
host='x86_64-pc-linux-gnu'
host_alias=''
host_cpu='x86_64'
host_os='linux-gnu'
host_vendor='pc'
htmldir='${docdir}'
includedir='${prefix}/include'
infodir='${datarootdir}/info'
install_sh='${SHELL} /home/wdliang/workspace/dev2/SP4/deepin-editor/third/enca-1.19/install-sh'
libdir='${exec_prefix}/lib'
libexecdir='${exec_prefix}/libexec'
localedir='${datarootdir}/locale'
localstatedir='${prefix}/var'
mandir='${datarootdir}/man'
mkdir_p='$(MKDIR_P)'
oldincludedir='/usr/include'
pdfdir='${docdir}'
prefix='/home/wdliang/workspace/dev2/SP4/deepin-editor/third/enca-1.19/../lib'
program_transform_name='s,x,x,'
psdir='${docdir}'
runstatedir='${localstatedir}/run'
sbindir='${exec_prefix}/sbin'
sharedstatedir='${prefix}/com'
sysconfdir='${prefix}/etc'
target_alias=''

## ----------- ##
## confdefs.h. ##
## ----------- ##

/* confdefs.h */
#define PACKAGE_NAME "Enca"
#define PACKAGE_TARNAME "enca"
#define PACKAGE_VERSION "1.19"
#define PACKAGE_STRING "Enca 1.19"
#define PACKAGE_BUGREPORT "https://github.com/nijel/enca/issues"
#define PACKAGE_URL ""
#define PACKAGE "enca"
#define VERSION "1.19"
#define STDC_HEADERS 1
#define HAVE_SYS_TYPES_H 1
#define HAVE_SYS_STAT_H 1
#define HAVE_STDLIB_H 1
#define HAVE_STRING_H 1
#define HAVE_MEMORY_H 1
#define HAVE_STRINGS_H 1
#define HAVE_INTTYPES_H 1
#define HAVE_STDINT_H 1
#define HAVE_UNISTD_H 1
#define __EXTENSIONS__ 1
#define _ALL_SOURCE 1
#define _GNU_SOURCE 1
#define _POSIX_PTHREAD_SEMANTICS 1
#define _TANDEM_SOURCE 1
#define HAVE_DLFCN_H 1
#define LT_OBJDIR ".libs/"
#define PICONV_PROG "/usr/bin/piconv"
#define STDC_HEADERS 1
#define HAVE_SYS_WAIT_H 1
#define TIME_WITH_SYS_TIME 1
#define HAVE__BOOL 1
#define HAVE_STDBOOL_H 1
#define HAVE_ERRNO_H 1
#define HAVE_FCNTL_H 1
#define HAVE_GETOPT_H 1
#define HAVE_LANGINFO_H 1
#define HAVE_LIMITS_H 1
#define HAVE_LOCALE_H 1
#define HAVE_MEMORY_H 1
#define HAVE_STRING_H 1
#define HAVE_STRINGS_H 1
#define HAVE_SYS_STAT_H 1
#define HAVE_SYS_TYPES_H 1
#define HAVE_SYS_WAIT_H 1
#define HAVE_SYS_TIME_H 1
#define HAVE_TIME_H 1
#define HAVE_UNISTD_H 1
#define HAVE_WORDEXP_H 1
#define HAVE_DECL_LC_MESSAGES 1
#define HAVE_PROGRAM_INVOCATION_SHORT_NAME 1
#define HAVE_FORK 1
#define HAVE_VFORK 1
#define HAVE_WORKING_VFORK 1
#define HAVE_WORKING_FORK 1
#define HAVE_FTRUNCATE 1
#define HAVE_GETTIMEOFDAY 1
#define HAVE_ISATTY 1
#define HAVE_NL_LANGINFO 1
#define HAVE_RANDOM 1
#define HAVE_REALPATH 1
#define HAVE_STRSTR 1
#define HAVE_STPCPY 1
#define HAVE_SETLOCALE 1
#define HAVE_TTYNAME 1
#define HAVE_WORDEXP 1
#define HAVE_GETOPT_LONG 1
#define HAVE_ICONV 1
#define ICONV_CONST 
#define HAVE_GOOD_ICONV 1
#define ICONV_IS_TRANSITIVE 1
#define DEFAULT_CONVERTER_LIST "built-in,iconv"
#define ENABLE_EXTERNAL 1
#define DEFAULT_EXTERNAL_CONVERTER "piconv"
#define HAVE_LOCALE_ALIAS 1
#define LOCALE_ALIAS_PATH "/usr/share/locale/locale.alias"

configure: exit 0
